<?xml version="1.0" encoding="UTF-8"?>
<testsuite errors="0" failures="0" hostname="mini.private" name="org.visualphysics.TemplateTest" tests="1" time="0.508" timestamp="2012-09-15T04:45:14">
  <properties />
  <testcase classname="org.visualphysics.TemplateTest" name="testValue" time="0.0030" />
  <system-out><![CDATA[]]></system-out>
  <system-err><![CDATA[]]></system-err>
</testsuite>
